<?xml version="1.0" encoding="UTF-8"?>
<!-- Generated by org.testng.reporters.JUnitReportReporter -->
<testsuite hostname="AayushPC" failures="0" tests="1" name="com.example.api.ApiTest" time="1.700" errors="0" timestamp="2025-04-08T16:15:24 EDT" skipped="0">
  <testcase classname="com.example.api.ApiTest" name="testAllPosts" time="1.700"/>
  <system-out/>
</testsuite> <!-- com.example.api.ApiTest -->
